<?xml version="1.0" encoding="UTF-8"?>
<testsuite xmlns:xsi="http://www.w3.org/2001/XMLSchema-instance" xsi:noNamespaceSchemaLocation="https://maven.apache.org/surefire/maven-surefire-plugin/xsd/surefire-test-report-3.0.xsd" version="3.0" name="com.deliciouspizza.repository.ProductRepositoryTest" time="1.393" tests="2" errors="0" skipped="0" failures="0">
  <properties>
[...]
</properties>
  <testcase name="testLoadActiveProducts" classname="com.deliciouspizza.repository.ProductRepositoryTest" time="1.358"/>
  <testcase name="testLoadActiveProductsWithEmptyFile" classname="com.deliciouspizza.repository.ProductRepositoryTest" time="0.007"/>
</testsuite>